Build started 2017-01-20 12:37:23 PM.
     1>Project "C:\Users\garyhubley.PROVAIR\Documents\Projects\RectangleInPolygon\RectangleInPolygon\RectangleInPolygon.vcxproj" on node 2 (Build target(s)).
     1>InitializeBuildStatus:
         Touching "x64\Release\Rectangl.C7ED95CC.tlog\unsuccessfulbuild".
       ClCompile:
         C:\Program Files (x86)\Microsoft Visual Studio 14.0\VC\bin\x86_amd64\CL.exe /c /I"C:\OpenCV-3.1.0\opencv\build\include" /Zi /nologo /W3 /WX- /sdl /O2 /Oi /GL /D _MBCS /Gm- /EHsc /MD /GS /Gy /fp:precise /Zc:wchar_t /Zc:forScope /Zc:inline /Fo"x64\Release\\" /Fd"x64\Release\vc140.pdb" /Gd /TP /errorReport:prompt main.cpp
         main.cpp
       Link:
         C:\Program Files (x86)\Microsoft Visual Studio 14.0\VC\bin\x86_amd64\link.exe /ERRORREPORT:PROMPT /OUT:"C:\Users\garyhubley.PROVAIR\Documents\Projects\RectangleInPolygon\x64\Release\RectangleInPolygon.exe" /NOLOGO opencv_world310d.lib kernel32.lib user32.lib gdi32.lib winspool.lib comdlg32.lib advapi32.lib shell32.lib ole32.lib oleaut32.lib uuid.lib odbc32.lib odbccp32.lib /MANIFEST /MANIFESTUAC:"level='asInvoker' uiAccess='false'" /manifest:embed /DEBUG /PDB:"C:\Users\garyhubley.PROVAIR\Documents\Projects\RectangleInPolygon\x64\Release\RectangleInPolygon.pdb" /OPT:REF /OPT:ICF /LTCG:incremental /TLBID:1 /DYNAMICBASE /NXCOMPAT /IMPLIB:"C:\Users\garyhubley.PROVAIR\Documents\Projects\RectangleInPolygon\x64\Release\RectangleInPolygon.lib" /MACHINE:X64 x64\Release\main.obj
     1>main.obj : error LNK2001: unresolved external symbol "void __cdecl PrintSections(class std::vector<class std::vector<class cv::Point_<int>,class std::allocator<class cv::Point_<int> > >,class std::allocator<class std::vector<class cv::Point_<int>,class std::allocator<class cv::Point_<int> > > > >)" (?PrintSections@@YAXV?$vector@V?$vector@V?$Point_@H@cv@@V?$allocator@V?$Point_@H@cv@@@std@@@std@@V?$allocator@V?$vector@V?$Point_@H@cv@@V?$allocator@V?$Point_@H@cv@@@std@@@std@@@2@@std@@@Z)
     1>main.obj : error LNK2001: unresolved external symbol "unsigned int __cdecl Find_Path(unsigned __int64,unsigned __int64)" (?Find_Path@@YAI_K0@Z)
     1>main.obj : error LNK2001: unresolved external symbol "float __cdecl slope(class cv::Point_<int> const &,class cv::Point_<int> const &)" (?slope@@YAMAEBV?$Point_@H@cv@@0@Z)
     1>main.obj : error LNK2001: unresolved external symbol "void __cdecl PrintVector(class std::vector<class cv::Point_<int>,class std::allocator<class cv::Point_<int> > > const &)" (?PrintVector@@YAXAEBV?$vector@V?$Point_@H@cv@@V?$allocator@V?$Point_@H@cv@@@std@@@std@@@Z)
     1>main.obj : error LNK2001: unresolved external symbol "void __cdecl Sectionalize_Polygon(class std::vector<class std::vector<class cv::Point_<int>,class std::allocator<class cv::Point_<int> > >,class std::allocator<class std::vector<class cv::Point_<int>,class std::allocator<class cv::Point_<int> > > > > &,class std::vector<class cv::Point_<int>,class std::allocator<class cv::Point_<int> > > const &)" (?Sectionalize_Polygon@@YAXAEAV?$vector@V?$vector@V?$Point_@H@cv@@V?$allocator@V?$Point_@H@cv@@@std@@@std@@V?$allocator@V?$vector@V?$Point_@H@cv@@V?$allocator@V?$Point_@H@cv@@@std@@@std@@@2@@std@@AEBV?$vector@V?$Point_@H@cv@@V?$allocator@V?$Point_@H@cv@@@std@@@2@@Z)
     1>C:\Users\garyhubley.PROVAIR\Documents\Projects\RectangleInPolygon\x64\Release\RectangleInPolygon.exe : fatal error LNK1120: 5 unresolved externals
     1>Done Building Project "C:\Users\garyhubley.PROVAIR\Documents\Projects\RectangleInPolygon\RectangleInPolygon\RectangleInPolygon.vcxproj" (Build target(s)) -- FAILED.

Build FAILED.

Time Elapsed 00:00:01.98
